#
# There is insufficient memory for the Java Runtime Environment to continue.
# Native memory allocation (mmap) failed to map 132120576 bytes for G1 virtual space
# Possible reasons:
#   The system is out of physical RAM or swap space
#   The process is running with CompressedOops enabled, and the Java Heap may be blocking the growth of the native heap
# Possible solutions:
#   Reduce memory load on the system
#   Increase physical memory or swap space
#   Check if swap backing store is full
#   Decrease Java heap size (-Xmx/-Xms)
#   Decrease number of Java threads
#   Decrease Java thread stack sizes (-Xss)
#   Set larger code cache with -XX:ReservedCodeCacheSize=
#   JVM is running with Unscaled Compressed Oops mode in which the Java heap is
#     placed in the first 4GB address space. The Java Heap base address is the
#     maximum limit for the native heap growth. Please use -XX:HeapBaseMinAddress
#     to set the Java Heap base and to place the Java Heap above 4GB virtual address.
# This output file may be truncated or incomplete.
#
#  Out of Memory Error (./open/src/hotspot/os/windows/os_windows.cpp:3472), pid=28828, tid=15872
#
# JRE version:  (15.0+36) (build )
# Java VM: Java HotSpot(TM) 64-Bit Server VM (15+36-1562, mixed mode, sharing, tiered, compressed oops, g1 gc, windows-amd64)
# No core dump will be written. Minidumps are not enabled by default on client versions of Windows
#

---------------  S U M M A R Y ------------

Command Line: org.jetbrains.kotlin.cli.jvm.K2JVMCompiler @C:\Users\Admin\Desktop\VitamixApp2\testApp\node_modules\react-native-screens\android\build\20220614_2547099986684692813.compiler.options

Host: Intel(R) Core(TM) i7-8650U CPU @ 1.90GHz, 8 cores, 7G,  Windows 10 , 64 bit Build 19041 (10.0.19041.1706)
Time: Tue Jun 14 13:33:53 2022 Maroc (heure d’été) elapsed time: 0.092512 seconds (0d 0h 0m 0s)

---------------  T H R E A D  ---------------

Current thread (0x0000027a9567d0d0):  JavaThread "Unknown thread" [_thread_in_vm, id=15872, stack(0x000000b8b7000000,0x000000b8b7100000)]

Stack: [0x000000b8b7000000,0x000000b8b7100000]
Native frames: (J=compiled Java code, j=interpreted, Vv=VM code, C=native code)
V  [jvm.dll+0x629eaa]
V  [jvm.dll+0x780379]
V  [jvm.dll+0x781ad3]
V  [jvm.dll+0x782133]
V  [jvm.dll+0x2159d5]
V  [jvm.dll+0x627299]
V  [jvm.dll+0x61bdd5]
V  [jvm.dll+0x2cf96d]
V  [jvm.dll+0x2cf7d2]
V  [jvm.dll+0x2d57ac]
V  [jvm.dll+0x32523a]
V  [jvm.dll+0x324904]
V  [jvm.dll+0x2a68ea]
V  [jvm.dll+0x2a7a88]
V  [jvm.dll+0x75d0f1]
V  [jvm.dll+0x333af4]
V  [jvm.dll+0x73d816]
V  [jvm.dll+0x3b68e7]
V  [jvm.dll+0x3b8371]
C  [jli.dll+0x52fb]
C  [ucrtbase.dll+0x21bb2]
C  [KERNEL32.DLL+0x17034]
C  [ntdll.dll+0x52651]


---------------  P R O C E S S  ---------------

Threads class SMR info:
_java_thread_list=0x00007ff930512fa0, length=0, elements={
}

Java Threads: ( => current thread )

Other Threads:
  0x0000027a956b7f60 GCTaskThread "GC Thread#0" [stack: 0x000000b8b7100000,0x000000b8b7200000] [id=29180]
  0x0000027a956c8c70 ConcurrentGCThread "G1 Main Marker" [stack: 0x000000b8b7200000,0x000000b8b7300000] [id=34280]
  0x0000027a956c9870 ConcurrentGCThread "G1 Conc#0" [stack: 0x000000b8b7300000,0x000000b8b7400000] [id=14836]

[error occurred during error reporting (printing all threads), id 0xc0000005, EXCEPTION_ACCESS_VIOLATION (0xc0000005) at pc=0x00007ff92fd077b7]

VM state: not at safepoint (not fully initialized)

VM Mutex/Monitor currently owned by a thread:  ([mutex/lock_event])
[0x0000027a9567aed0] Heap_lock - owner thread: 0x0000027a9567d0d0

Heap address: 0x0000000082200000, size: 2014 MB, Compressed Oops mode: 32-bit
CDS archive(s) mapped at: [0x0000000000000000-0x0000000000000000-0x0000000000000000), size 0, SharedBaseAddress: 0x0000000800000000, ArchiveRelocationMode: 0.
Narrow klass base: 0x0000000000000000, Narrow klass shift: 0, Narrow klass range: 0x0

Heap:
 garbage-first heap   total 129024K, used 0K [0x0000000082200000, 0x0000000100000000)
  region size 1024K, 0 young (0K), 0 survivors (0K)
 Metaspace       used 0K, capacity 0K, committed 0K, reserved 0K
  class space    used 0K, capacity 0K, committed 0K, reserved 0K

Heap Regions: E=young(eden), S=young(survivor), O=old, HS=humongous(starts), HC=humongous(continues), CS=collection set, F=free, OA=open archive, CA=closed archive, TAMS=top-at-mark-start (previous, next)

Card table byte_map: [0x0000027aacfd0000,0x0000027aad3c0000] _byte_map_base: 0x0000027aacbbf000

Marking Bits (Prev, Next): (CMBitMap*) 0x0000027a956b8750, (CMBitMap*) 0x0000027a956b8790
 Prev Bits: [0x0000027aad7b0000, 0x0000027aaf728000)
 Next Bits: [0x0000027aaf730000, 0x0000027ab16a8000)

GC Heap History (0 events):
No events

Deoptimization events (0 events):
No events

Classes unloaded (0 events):
No events

Classes redefined (0 events):
No events

Internal exceptions (0 events):
No events

Events (1 events):
Event: 0.026 Loaded shared library C:\Program Files\Java\jdk-15\bin\java.dll


Dynamic libraries:
0x00007ff6acdc0000 - 0x00007ff6acdcf000 	C:\Program Files\Java\jdk-15\bin\java.exe
0x00007ff9cdb90000 - 0x00007ff9cdd85000 	C:\WINDOWS\SYSTEM32\ntdll.dll
0x00007ff9cbe80000 - 0x00007ff9cbf3d000 	C:\WINDOWS\System32\KERNEL32.DLL
0x00007ff9cb5a0000 - 0x00007ff9cb86d000 	C:\WINDOWS\System32\KERNELBASE.dll
0x00007ff9cb310000 - 0x00007ff9cb410000 	C:\WINDOWS\System32\ucrtbase.dll
0x00007ff9c0d80000 - 0x00007ff9c0d99000 	C:\Program Files\Java\jdk-15\bin\VCRUNTIME140.dll
0x00007ff987e00000 - 0x00007ff987e18000 	C:\Program Files\Java\jdk-15\bin\jli.dll
0x00007ff9cd1d0000 - 0x00007ff9cd27e000 	C:\WINDOWS\System32\ADVAPI32.dll
0x00007ff9cc0f0000 - 0x00007ff9cc18e000 	C:\WINDOWS\System32\msvcrt.dll
0x00007ff9cbde0000 - 0x00007ff9cbe7c000 	C:\WINDOWS\System32\sechost.dll
0x00007ff9cc4c0000 - 0x00007ff9cc5e5000 	C:\WINDOWS\System32\RPCRT4.dll
0x00007ff9cd7c0000 - 0x00007ff9cd960000 	C:\WINDOWS\System32\USER32.dll
0x00007ff9bd6d0000 - 0x00007ff9bd96a000 	C:\WINDOWS\WinSxS\amd64_microsoft.windows.common-controls_6595b64144ccf1df_6.0.19041.1110_none_60b5254171f9507e\COMCTL32.dll
0x00007ff9cb9d0000 - 0x00007ff9cb9f2000 	C:\WINDOWS\System32\win32u.dll
0x00007ff9cd960000 - 0x00007ff9cd98a000 	C:\WINDOWS\System32\GDI32.dll
0x00007ff9cb410000 - 0x00007ff9cb51b000 	C:\WINDOWS\System32\gdi32full.dll
0x00007ff9cbab0000 - 0x00007ff9cbb4d000 	C:\WINDOWS\System32\msvcp_win.dll
0x00007ff9c2420000 - 0x00007ff9c242a000 	C:\WINDOWS\SYSTEM32\VERSION.dll
0x00007ff9cc190000 - 0x00007ff9cc1c0000 	C:\WINDOWS\System32\IMM32.DLL
0x00007ff9c0d70000 - 0x00007ff9c0d7c000 	C:\Program Files\Java\jdk-15\bin\vcruntime140_1.dll
0x00007ff97b910000 - 0x00007ff97b9a1000 	C:\Program Files\Java\jdk-15\bin\msvcp140.dll
0x00007ff92fa50000 - 0x00007ff9305ac000 	C:\Program Files\Java\jdk-15\bin\server\jvm.dll
0x00007ff9cbd70000 - 0x00007ff9cbd78000 	C:\WINDOWS\System32\PSAPI.DLL
0x00007ff9bb100000 - 0x00007ff9bb109000 	C:\WINDOWS\SYSTEM32\WSOCK32.dll
0x00007ff9cc450000 - 0x00007ff9cc4bb000 	C:\WINDOWS\System32\WS2_32.dll
0x00007ff9bd630000 - 0x00007ff9bd657000 	C:\WINDOWS\SYSTEM32\WINMM.dll
0x00007ff9c9da0000 - 0x00007ff9c9db2000 	C:\WINDOWS\SYSTEM32\kernel.appcore.dll
0x00007ff99bd90000 - 0x00007ff99bd9a000 	C:\Program Files\Java\jdk-15\bin\jimage.dll
0x00007ff9c67b0000 - 0x00007ff9c6994000 	C:\WINDOWS\SYSTEM32\DBGHELP.DLL
0x00007ff9bfa50000 - 0x00007ff9bfa7c000 	C:\WINDOWS\SYSTEM32\dbgcore.DLL
0x00007ff9cbb50000 - 0x00007ff9cbbd2000 	C:\WINDOWS\System32\bcryptPrimitives.dll
0x00007ff983b30000 - 0x00007ff983b55000 	C:\Program Files\Java\jdk-15\bin\java.dll

dbghelp: loaded successfully - version: 4.0.5 - missing functions: none
symbol engine: initialized successfully - sym options: 0x614 - pdb path: .;C:\Program Files\Java\jdk-15\bin;C:\WINDOWS\SYSTEM32;C:\WINDOWS\WinSxS\amd64_microsoft.windows.common-controls_6595b64144ccf1df_6.0.19041.1110_none_60b5254171f9507e;C:\Program Files\Java\jdk-15\bin\server

VM Arguments:
java_command: org.jetbrains.kotlin.cli.jvm.K2JVMCompiler @C:\Users\Admin\Desktop\VitamixApp2\testApp\node_modules\react-native-screens\android\build\20220614_2547099986684692813.compiler.options
java_class_path (initial): S:\gradle-7.3.3\caches\modules-2\files-2.1\org.jetbrains.kotlin\kotlin-compiler-embeddable\1.4.10\38c4b99d5d5362debdd9302a866730379aa2328a\kotlin-compiler-embeddable-1.4.10.jar;S:\gradle-7.3.3\caches\modules-2\files-2.1\org.jetbrains.kotlin\kotlin-reflect\1.4.10\e2b3c6695eee6085e606d96d685396dce23a3a06\kotlin-reflect-1.4.10.jar;S:\gradle-7.3.3\caches\modules-2\files-2.1\org.jetbrains.kotlin\kotlin-stdlib\1.4.10\ea29e063d2bbe695be13e9d044dcfb0c7add398e\kotlin-stdlib-1.4.10.jar;S:\gradle-7.3.3\caches\modules-2\files-2.1\org.jetbrains.kotlin\kotlin-script-runtime\1.4.10\7c19d9c2001e016cd7664cebe9eea66fc04a7f4f\kotlin-script-runtime-1.4.10.jar;S:\gradle-7.3.3\caches\modules-2\files-2.1\org.jetbrains.kotlin\kotlin-daemon-embeddable\1.4.10\dbd67f42bed28043d17d7c860b06110a00a45970\kotlin-daemon-embeddable-1.4.10.jar;S:\gradle-7.3.3\caches\modules-2\files-2.1\org.jetbrains.intellij.deps\trove4j\1.0.20181211\216c2e14b070f334479d800987affe4054cd563f\trove4j-1.0.20181211.jar;S:\gradle-7.3.3\caches\modules-2\files-2.1\org.jetbrains.kotlin\kotlin-stdlib-common\1.4.10\6229be3465805c99db1142ad75e6c6ddeac0b04c\kotlin-stdlib-common-1.4.10.jar;S:\gradle-7.3.3\caches\modules-2\files-2.1\org.jetbrains\annotations\13.0\919f0dfe192fb4e063e7dacadee7f8bb9a2672a9\annotations-13.0.jar
Launcher Type: SUN_STANDARD

[Global flags]
     intx CICompilerCount                          = 4                                         {product} {ergonomic}
     uint ConcGCThreads                            = 2                                         {product} {ergonomic}
     uint G1ConcRefinementThreads                  = 8                                         {product} {ergonomic}
   size_t G1HeapRegionSize                         = 1048576                                   {product} {ergonomic}
    uintx GCDrainStackTargetSize                   = 64                                        {product} {ergonomic}
   size_t InitialHeapSize                          = 132120576                                 {product} {ergonomic}
   size_t MarkStackSize                            = 4194304                                   {product} {ergonomic}
   size_t MaxHeapSize                              = 2111832064                                {product} {ergonomic}
   size_t MinHeapDeltaBytes                        = 1048576                                   {product} {ergonomic}
   size_t MinHeapSize                              = 8388608                                   {product} {ergonomic}
    uintx NonNMethodCodeHeapSize                   = 5839372                                {pd product} {ergonomic}
    uintx NonProfiledCodeHeapSize                  = 122909434                              {pd product} {ergonomic}
    uintx ProfiledCodeHeapSize                     = 122909434                              {pd product} {ergonomic}
    uintx ReservedCodeCacheSize                    = 251658240                              {pd product} {ergonomic}
     bool SegmentedCodeCache                       = true                                      {product} {ergonomic}
   size_t SoftMaxHeapSize                          = 2111832064                             {manageable} {ergonomic}
     bool UseCompressedClassPointers               = true                                 {lp64_product} {ergonomic}
     bool UseCompressedOops                        = true                                 {lp64_product} {ergonomic}
     bool UseG1GC                                  = true                                      {product} {ergonomic}
     bool UseLargePagesIndividualAllocation        = false                                  {pd product} {ergonomic}

Logging:
Log output configuration:
 #0: stdout all=warning uptime,level,tags
 #1: stderr all=off uptime,level,tags

Environment Variables:
CLASSPATH=C:\Users\Admin\Desktop\VitamixApp2\testApp\android\\gradle\wrapper\gradle-wrapper.jar
PATH=C:\Users\Admin\Desktop\VitamixApp2\testApp\android\node_modules\.bin;C:\Users\Admin\Desktop\VitamixApp2\testApp\node_modules\.bin;C:\Users\Admin\Desktop\VitamixApp2\node_modules\.bin;C:\Users\Admin\Desktop\node_modules\.bin;C:\Users\Admin\node_modules\.bin;C:\Users\node_modules\.bin;C:\node_modules\.bin;C:\Program Files\nodejs;C:\Users\Admin\AppData\Local\Temp\yarn--1655209870485-0.7009145212110899;C:\Users\Admin\Desktop\VitamixApp2\testApp\node_modules\.bin;C:\Users\Admin\AppData\Local\Yarn\Data\link\node_modules\.bin;C:\Users\Admin\AppData\Local\Yarn\bin;C:\Program Files\libexec\lib\node_modules\npm\bin\node-gyp-bin;C:\Program Files\lib\node_modules\npm\bin\node-gyp-bin;C:\Program Files\nodejs\node_modules\npm\bin\node-gyp-bin;C:\Program Files\Common Files\Oracle\Java\javapath;C:\WINDOWS\system32;C:\WINDOWS;C:\WINDOWS\System32\Wbem;C:\WINDOWS\System32\WindowsPowerShell\v1.0\;C:\WINDOWS\System32\OpenSSH\;"C:\Program Files\Git\cmd;";C:\Program Files\Intel\WiFi\bin\;C:\Program Files\Common Files\Intel\WirelessCommon\;C:\Program Files (x86)\Intel\Intel(R) Management Engine Components\DAL;C:\Program Files\Intel\Intel(R) Management Engine Components\DAL;C:\Program Files (x86)\Microsoft SQL Server\150\DTS\Binn\;C:\xampp\php;C:\composer;C:\Program Files\Microsoft SQL Server\130\Tools\Binn\;C:\Program Files\Docker\Docker\resources\bin;C:\ProgramData\DockerDesktop\version-bin;C:\Program Files\Git\cmd;C:\Program Files\nodejs\;C:\Program Files\dotnet\;C:\Users\Admin\scoop\shims;C:\Users\Admin\AppData\Local\Microsoft\WindowsApps;C:\Users\Admin\AppData\Local\Programs\Microsoft VS Code\bin;C:\Users\Admin\AppData\Roaming\Composer\vendor\bin;C:\Program Files\MongoDB\Server\4.4\bin;C:\Users\Admin\AppData\Local\Microsoft\WindowsApps;C:\Program Files\heroku\bin;C:\Users\Admin\AppData\Local\GitHubDesktop\bin;C:\Users\Admin\AppData\Roaming\npm;S:\gradle-7.3.3\bin;C:\Users\Admin\AppData\Local\Android\Sdk\platform-tools;
USERNAME=Admin
LANG=fr_FR.UTF-8
OS=Windows_NT
PROCESSOR_IDENTIFIER=Intel64 Family 6 Model 142 Stepping 10, GenuineIntel



---------------  S Y S T E M  ---------------

OS:
 Windows 10 , 64 bit Build 19041 (10.0.19041.1706)
OS uptime: 15 days 2:38 hours
HyperV virtualization detected

CPU: total 8 (initial active 8) (4 cores per cpu, 2 threads per core) family 6 model 142 stepping 10, cmov, cx8, fxsr, mmx, sse, sse2, sse3, ssse3, sse4.1, sse4.2, popcnt, vzeroupper, avx, avx2, aes, clmul, erms, rtm, 3dnowpref, lzcnt, ht, tsc, tscinvbit, bmi1, bmi2, adx, fma, clflush, clflushopt

Memory: 4k page, system-wide physical 8051M (56M free)
TotalPageFile size 37465M (AvailPageFile size 27M)
current process WorkingSet (physical memory assigned to process): 10M, peak: 10M
current process commit charge ("private bytes"): 60M, peak: 186M

vm_info: Java HotSpot(TM) 64-Bit Server VM (15+36-1562) for windows-amd64 JRE (15+36-1562), built on Aug 11 2020 22:38:02 by "mach5one" with unknown MS VC++:1925

END.
